<?xml version="1.0" encoding="UTF-8"?>
<testsuite xmlns:xsi="http://www.w3.org/2001/XMLSchema-instance" xsi:noNamespaceSchemaLocation="https://maven.apache.org/surefire/maven-surefire-plugin/xsd/surefire-test-report.xsd" name="com.nowcoder.community.MapperTests" time="3.127" tests="4" errors="0" skipped="0" failures="0">
  <properties>
[...]
</properties>
  <testcase name="testSelectPosts" classname="com.nowcoder.community.MapperTests" time="0.412"/>
  <testcase name="updateUser" classname="com.nowcoder.community.MapperTests" time="0.007"/>
  <testcase name="testInsertUser" classname="com.nowcoder.community.MapperTests" time="0.012"/>
  <testcase name="testSelectUser" classname="com.nowcoder.community.MapperTests" time="0.009"/>
</testsuite>